<?xml version="1.0" encoding="UTF-8"?>
<coverage generated="1680988920604" clover="3.2.0">
  <project timestamp="1680988920605" name="All files">
    <metrics statements="47" coveredstatements="35" conditionals="41" coveredconditionals="13" methods="7" coveredmethods="7" elements="95" coveredelements="55" complexity="0" loc="47" ncloc="47" packages="1" files="5" classes="5"/>
    <file name="DistorC_lib.js" path="/Users/johnnykamigashima/Documents/PHP/Calculadoras-Producao/partials/functions/DistorC_lib.js">
      <metrics statements="2" coveredstatements="2" conditionals="2" coveredconditionals="1" methods="1" coveredmethods="1"/>
      <line num="2" count="1" type="cond" truecount="1" falsecount="1"/>
      <line num="6" count="1" type="stmt"/>
    </file>
    <file name="EscalaPlano_lib.js" path="/Users/johnnykamigashima/Documents/PHP/Calculadoras-Producao/partials/functions/EscalaPlano_lib.js">
      <metrics statements="2" coveredstatements="2" conditionals="4" coveredconditionals="2" methods="1" coveredmethods="1"/>
      <line num="2" count="3" type="cond" truecount="1" falsecount="1"/>
      <line num="7" count="1" type="cond" truecount="1" falsecount="1"/>
    </file>
    <file name="PesoNeto_lib.js" path="/Users/johnnykamigashima/Documents/PHP/Calculadoras-Producao/partials/functions/PesoNeto_lib.js">
      <metrics statements="39" coveredstatements="27" conditionals="29" coveredconditionals="7" methods="3" coveredmethods="3"/>
      <line num="4" count="2" type="stmt"/>
      <line num="5" count="2" type="stmt"/>
      <line num="6" count="2" type="stmt"/>
      <line num="7" count="2" type="stmt"/>
      <line num="8" count="2" type="stmt"/>
      <line num="9" count="2" type="stmt"/>
      <line num="15" count="2" type="stmt"/>
      <line num="22" count="2" type="stmt"/>
      <line num="27" count="2" type="stmt"/>
      <line num="36" count="2" type="stmt"/>
      <line num="43" count="2" type="stmt"/>
      <line num="49" count="2" type="stmt"/>
      <line num="56" count="2" type="stmt"/>
      <line num="63" count="2" type="stmt"/>
      <line num="71" count="2" type="stmt"/>
      <line num="73" count="2" type="stmt"/>
      <line num="75" count="2" type="cond" truecount="1" falsecount="8"/>
      <line num="77" count="0" type="stmt"/>
      <line num="78" count="0" type="stmt"/>
      <line num="80" count="2" type="cond" truecount="1" falsecount="1"/>
      <line num="84" count="0" type="stmt"/>
      <line num="85" count="0" type="cond" truecount="0" falsecount="2"/>
      <line num="89" count="0" type="cond" truecount="0" falsecount="2"/>
      <line num="93" count="0" type="stmt"/>
      <line num="94" count="0" type="cond" truecount="0" falsecount="2"/>
      <line num="98" count="0" type="stmt"/>
      <line num="99" count="0" type="stmt"/>
      <line num="101" count="0" type="cond" truecount="0" falsecount="2"/>
      <line num="105" count="0" type="cond" truecount="0" falsecount="2"/>
      <line num="109" count="0" type="stmt"/>
      <line num="115" count="2" type="stmt"/>
      <line num="116" count="2" type="stmt"/>
      <line num="117" count="2" type="cond" truecount="1" falsecount="1"/>
      <line num="118" count="2" type="stmt"/>
      <line num="125" count="2" type="cond" truecount="3" falsecount="1"/>
      <line num="126" count="2" type="stmt"/>
      <line num="127" count="2" type="stmt"/>
      <line num="128" count="2" type="stmt"/>
      <line num="132" count="1" type="cond" truecount="1" falsecount="1"/>
    </file>
    <file name="Pt2mm_lib.js" path="/Users/johnnykamigashima/Documents/PHP/Calculadoras-Producao/partials/functions/Pt2mm_lib.js">
      <metrics statements="2" coveredstatements="2" conditionals="2" coveredconditionals="1" methods="1" coveredmethods="1"/>
      <line num="2" count="3" type="stmt"/>
      <line num="4" count="1" type="cond" truecount="1" falsecount="1"/>
    </file>
    <file name="Px2mm_lib.js" path="/Users/johnnykamigashima/Documents/PHP/Calculadoras-Producao/partials/functions/Px2mm_lib.js">
      <metrics statements="2" coveredstatements="2" conditionals="4" coveredconditionals="2" methods="1" coveredmethods="1"/>
      <line num="2" count="3" type="cond" truecount="1" falsecount="1"/>
      <line num="7" count="1" type="cond" truecount="1" falsecount="1"/>
    </file>
  </project>
</coverage>
