<?xml version="1.0" encoding="UTF-8"?>
<coverage generated="1680966341119" clover="3.2.0">
  <project timestamp="1680966341119" name="All files">
    <metrics statements="2" coveredstatements="1" conditionals="2" coveredconditionals="0" methods="1" coveredmethods="0" elements="5" coveredelements="1" complexity="0" loc="2" ncloc="2" packages="1" files="1" classes="1"/>
    <file name="DistorC_lib.js" path="/Users/johnnykamigashima/Documents/PHP/Calculadoras-Producao/partials/functions/DistorC_lib.js">
      <metrics statements="2" coveredstatements="1" conditionals="2" coveredconditionals="0" methods="1" coveredmethods="0"/>
      <line num="2" count="0" type="cond" truecount="0" falsecount="2"/>
      <line num="6" count="1" type="stmt"/>
    </file>
  </project>
</coverage>
