{"/Users/johnnykamigashima/Documents/PHP/Calculadoras-Producao/partials/functions/AltoEm_lib.js": {"path":"/Users/johnnykamigashima/Documents/PHP/Calculadoras-Producao/partials/functions/AltoEm_lib.js","statementMap":{"0":{"start":{"line":3,"column":23},"end":{"line":3,"column":24}},"1":{"start":{"line":5,"column":4},"end":{"line":5,"column":28}},"2":{"start":{"line":6,"column":4},"end":{"line":6,"column":30}},"3":{"start":{"line":7,"column":4},"end":{"line":7,"column":36}},"4":{"start":{"line":8,"column":17},"end":{"line":8,"column":18}},"5":{"start":{"line":9,"column":21},"end":{"line":9,"column":22}},"6":{"start":{"line":10,"column":16},"end":{"line":10,"column":17}},"7":{"start":{"line":11,"column":21},"end":{"line":11,"column":22}},"8":{"start":{"line":12,"column":21},"end":{"line":12,"column":22}},"9":{"start":{"line":13,"column":21},"end":{"line":13,"column":22}},"10":{"start":{"line":14,"column":21},"end":{"line":14,"column":22}},"11":{"start":{"line":15,"column":25},"end":{"line":15,"column":26}},"12":{"start":{"line":16,"column":18},"end":{"line":16,"column":19}},"13":{"start":{"line":17,"column":18},"end":{"line":17,"column":19}},"14":{"start":{"line":18,"column":18},"end":{"line":18,"column":69}},"15":{"start":{"line":22,"column":4},"end":{"line":24,"column":5}},"16":{"start":{"line":23,"column":8},"end":{"line":23,"column":22}},"17":{"start":{"line":27,"column":4},"end":{"line":39,"column":5}},"18":{"start":{"line":28,"column":8},"end":{"line":28,"column":37}},"19":{"start":{"line":29,"column":8},"end":{"line":29,"column":38}},"20":{"start":{"line":30,"column":8},"end":{"line":30,"column":36}},"21":{"start":{"line":31,"column":8},"end":{"line":31,"column":20}},"22":{"start":{"line":32,"column":8},"end":{"line":32,"column":20}},"23":{"start":{"line":34,"column":8},"end":{"line":34,"column":36}},"24":{"start":{"line":35,"column":8},"end":{"line":35,"column":36}},"25":{"start":{"line":36,"column":8},"end":{"line":36,"column":36}},"26":{"start":{"line":37,"column":8},"end":{"line":37,"column":20}},"27":{"start":{"line":38,"column":8},"end":{"line":38,"column":21}},"28":{"start":{"line":40,"column":4},"end":{"line":53,"column":5}},"29":{"start":{"line":43,"column":12},"end":{"line":43,"column":33}},"30":{"start":{"line":44,"column":12},"end":{"line":44,"column":18}},"31":{"start":{"line":47,"column":12},"end":{"line":47,"column":33}},"32":{"start":{"line":48,"column":12},"end":{"line":48,"column":18}},"33":{"start":{"line":51,"column":12},"end":{"line":51,"column":33}},"34":{"start":{"line":52,"column":12},"end":{"line":52,"column":18}},"35":{"start":{"line":55,"column":4},"end":{"line":133,"column":5}},"36":{"start":{"line":57,"column":12},"end":{"line":68,"column":13}},"37":{"start":{"line":59,"column":20},"end":{"line":59,"column":31}},"38":{"start":{"line":60,"column":20},"end":{"line":60,"column":35}},"39":{"start":{"line":61,"column":20},"end":{"line":61,"column":48}},"40":{"start":{"line":62,"column":20},"end":{"line":62,"column":26}},"41":{"start":{"line":64,"column":20},"end":{"line":64,"column":31}},"42":{"start":{"line":65,"column":20},"end":{"line":65,"column":35}},"43":{"start":{"line":66,"column":20},"end":{"line":66,"column":48}},"44":{"start":{"line":67,"column":20},"end":{"line":67,"column":26}},"45":{"start":{"line":69,"column":12},"end":{"line":69,"column":18}},"46":{"start":{"line":71,"column":12},"end":{"line":97,"column":13}},"47":{"start":{"line":73,"column":20},"end":{"line":73,"column":31}},"48":{"start":{"line":74,"column":20},"end":{"line":74,"column":35}},"49":{"start":{"line":75,"column":20},"end":{"line":75,"column":48}},"50":{"start":{"line":76,"column":20},"end":{"line":76,"column":26}},"51":{"start":{"line":78,"column":20},"end":{"line":78,"column":31}},"52":{"start":{"line":79,"column":20},"end":{"line":79,"column":35}},"53":{"start":{"line":80,"column":20},"end":{"line":80,"column":48}},"54":{"start":{"line":81,"column":20},"end":{"line":81,"column":26}},"55":{"start":{"line":83,"column":20},"end":{"line":83,"column":31}},"56":{"start":{"line":84,"column":20},"end":{"line":84,"column":35}},"57":{"start":{"line":85,"column":20},"end":{"line":85,"column":48}},"58":{"start":{"line":86,"column":20},"end":{"line":86,"column":26}},"59":{"start":{"line":88,"column":20},"end":{"line":88,"column":31}},"60":{"start":{"line":89,"column":20},"end":{"line":89,"column":35}},"61":{"start":{"line":90,"column":20},"end":{"line":90,"column":48}},"62":{"start":{"line":91,"column":20},"end":{"line":91,"column":26}},"63":{"start":{"line":93,"column":20},"end":{"line":93,"column":31}},"64":{"start":{"line":94,"column":20},"end":{"line":94,"column":35}},"65":{"start":{"line":95,"column":20},"end":{"line":95,"column":48}},"66":{"start":{"line":96,"column":20},"end":{"line":96,"column":26}},"67":{"start":{"line":98,"column":12},"end":{"line":98,"column":18}},"68":{"start":{"line":100,"column":12},"end":{"line":131,"column":13}},"69":{"start":{"line":102,"column":20},"end":{"line":102,"column":31}},"70":{"start":{"line":103,"column":20},"end":{"line":103,"column":35}},"71":{"start":{"line":104,"column":20},"end":{"line":104,"column":48}},"72":{"start":{"line":105,"column":20},"end":{"line":105,"column":26}},"73":{"start":{"line":107,"column":20},"end":{"line":107,"column":31}},"74":{"start":{"line":108,"column":20},"end":{"line":108,"column":35}},"75":{"start":{"line":109,"column":20},"end":{"line":109,"column":48}},"76":{"start":{"line":110,"column":20},"end":{"line":110,"column":26}},"77":{"start":{"line":112,"column":20},"end":{"line":112,"column":31}},"78":{"start":{"line":113,"column":20},"end":{"line":113,"column":35}},"79":{"start":{"line":114,"column":20},"end":{"line":114,"column":48}},"80":{"start":{"line":115,"column":20},"end":{"line":115,"column":26}},"81":{"start":{"line":117,"column":20},"end":{"line":117,"column":31}},"82":{"start":{"line":118,"column":20},"end":{"line":118,"column":35}},"83":{"start":{"line":119,"column":20},"end":{"line":119,"column":48}},"84":{"start":{"line":120,"column":20},"end":{"line":120,"column":26}},"85":{"start":{"line":122,"column":20},"end":{"line":122,"column":31}},"86":{"start":{"line":123,"column":20},"end":{"line":123,"column":35}},"87":{"start":{"line":124,"column":20},"end":{"line":124,"column":48}},"88":{"start":{"line":125,"column":20},"end":{"line":125,"column":26}},"89":{"start":{"line":127,"column":20},"end":{"line":127,"column":31}},"90":{"start":{"line":128,"column":20},"end":{"line":128,"column":35}},"91":{"start":{"line":129,"column":20},"end":{"line":129,"column":48}},"92":{"start":{"line":130,"column":20},"end":{"line":130,"column":26}},"93":{"start":{"line":132,"column":12},"end":{"line":132,"column":18}},"94":{"start":{"line":134,"column":4},"end":{"line":134,"column":72}},"95":{"start":{"line":135,"column":4},"end":{"line":135,"column":48}},"96":{"start":{"line":138,"column":4},"end":{"line":138,"column":70}},"97":{"start":{"line":138,"column":25},"end":{"line":138,"column":70}},"98":{"start":{"line":140,"column":4},"end":{"line":140,"column":47}},"99":{"start":{"line":141,"column":4},"end":{"line":141,"column":43}},"100":{"start":{"line":142,"column":4},"end":{"line":142,"column":47}},"101":{"start":{"line":149,"column":17},"end":{"line":149,"column":20}},"102":{"start":{"line":150,"column":4},"end":{"line":197,"column":5}},"103":{"start":{"line":152,"column":12},"end":{"line":168,"column":13}},"104":{"start":{"line":154,"column":20},"end":{"line":154,"column":36}},"105":{"start":{"line":155,"column":20},"end":{"line":155,"column":26}},"106":{"start":{"line":157,"column":20},"end":{"line":157,"column":36}},"107":{"start":{"line":158,"column":20},"end":{"line":158,"column":26}},"108":{"start":{"line":160,"column":20},"end":{"line":160,"column":36}},"109":{"start":{"line":161,"column":20},"end":{"line":161,"column":26}},"110":{"start":{"line":163,"column":20},"end":{"line":163,"column":36}},"111":{"start":{"line":164,"column":20},"end":{"line":164,"column":26}},"112":{"start":{"line":166,"column":20},"end":{"line":166,"column":36}},"113":{"start":{"line":167,"column":20},"end":{"line":167,"column":26}},"114":{"start":{"line":169,"column":12},"end":{"line":169,"column":18}},"115":{"start":{"line":171,"column":12},"end":{"line":187,"column":13}},"116":{"start":{"line":173,"column":20},"end":{"line":173,"column":36}},"117":{"start":{"line":174,"column":20},"end":{"line":174,"column":26}},"118":{"start":{"line":176,"column":20},"end":{"line":176,"column":36}},"119":{"start":{"line":177,"column":20},"end":{"line":177,"column":26}},"120":{"start":{"line":179,"column":20},"end":{"line":179,"column":36}},"121":{"start":{"line":180,"column":20},"end":{"line":180,"column":26}},"122":{"start":{"line":182,"column":20},"end":{"line":182,"column":36}},"123":{"start":{"line":183,"column":20},"end":{"line":183,"column":26}},"124":{"start":{"line":185,"column":20},"end":{"line":185,"column":36}},"125":{"start":{"line":186,"column":20},"end":{"line":186,"column":26}},"126":{"start":{"line":187,"column":14},"end":{"line":187,"column":20}},"127":{"start":{"line":189,"column":12},"end":{"line":196,"column":13}},"128":{"start":{"line":191,"column":20},"end":{"line":191,"column":36}},"129":{"start":{"line":192,"column":20},"end":{"line":192,"column":26}},"130":{"start":{"line":194,"column":20},"end":{"line":194,"column":36}},"131":{"start":{"line":195,"column":20},"end":{"line":195,"column":26}},"132":{"start":{"line":199,"column":4},"end":{"line":199,"column":47}},"133":{"start":{"line":204,"column":22},"end":{"line":204,"column":23}},"134":{"start":{"line":205,"column":4},"end":{"line":208,"column":28}},"135":{"start":{"line":205,"column":21},"end":{"line":205,"column":40}},"136":{"start":{"line":206,"column":9},"end":{"line":208,"column":28}},"137":{"start":{"line":206,"column":26},"end":{"line":206,"column":45}},"138":{"start":{"line":207,"column":9},"end":{"line":208,"column":28}},"139":{"start":{"line":207,"column":26},"end":{"line":207,"column":45}},"140":{"start":{"line":208,"column":9},"end":{"line":208,"column":28}},"141":{"start":{"line":210,"column":4},"end":{"line":210,"column":46}},"142":{"start":{"line":215,"column":22},"end":{"line":215,"column":23}},"143":{"start":{"line":216,"column":4},"end":{"line":219,"column":28}},"144":{"start":{"line":216,"column":21},"end":{"line":216,"column":40}},"145":{"start":{"line":217,"column":9},"end":{"line":219,"column":28}},"146":{"start":{"line":217,"column":26},"end":{"line":217,"column":45}},"147":{"start":{"line":218,"column":9},"end":{"line":219,"column":28}},"148":{"start":{"line":218,"column":26},"end":{"line":218,"column":45}},"149":{"start":{"line":219,"column":9},"end":{"line":219,"column":28}},"150":{"start":{"line":220,"column":4},"end":{"line":220,"column":43}},"151":{"start":{"line":223,"column":0},"end":{"line":225,"column":1}},"152":{"start":{"line":224,"column":4},"end":{"line":224,"column":28}}},"fnMap":{"0":{"name":"altoEm","decl":{"start":{"line":1,"column":9},"end":{"line":1,"column":15}},"loc":{"start":{"line":1,"column":57},"end":{"line":143,"column":1}},"line":1},"1":{"name":"ladoMaior","decl":{"start":{"line":148,"column":9},"end":{"line":148,"column":18}},"loc":{"start":{"line":148,"column":39},"end":{"line":200,"column":1}},"line":148},"2":{"name":"altoEmLpF","decl":{"start":{"line":203,"column":9},"end":{"line":203,"column":18}},"loc":{"start":{"line":203,"column":36},"end":{"line":211,"column":1}},"line":203},"3":{"name":"altoemFpL","decl":{"start":{"line":214,"column":9},"end":{"line":214,"column":18}},"loc":{"start":{"line":214,"column":35},"end":{"line":221,"column":1}},"line":214}},"branchMap":{"0":{"loc":{"start":{"line":18,"column":18},"end":{"line":18,"column":69}},"type":"cond-expr","locations":[{"start":{"line":18,"column":38},"end":{"line":18,"column":54}},{"start":{"line":18,"column":57},"end":{"line":18,"column":69}}],"line":18},"1":{"loc":{"start":{"line":22,"column":4},"end":{"line":24,"column":5}},"type":"if","locations":[{"start":{"line":22,"column":4},"end":{"line":24,"column":5}},{"start":{},"end":{}}],"line":22},"2":{"loc":{"start":{"line":22,"column":8},"end":{"line":22,"column":101}},"type":"binary-expr","locations":[{"start":{"line":22,"column":9},"end":{"line":22,"column":20}},{"start":{"line":22,"column":24},"end":{"line":22,"column":36}},{"start":{"line":22,"column":40},"end":{"line":22,"column":63}},{"start":{"line":22,"column":67},"end":{"line":22,"column":84}},{"start":{"line":22,"column":89},"end":{"line":22,"column":101}}],"line":22},"3":{"loc":{"start":{"line":27,"column":4},"end":{"line":39,"column":5}},"type":"if","locations":[{"start":{"line":27,"column":4},"end":{"line":39,"column":5}},{"start":{"line":33,"column":11},"end":{"line":39,"column":5}}],"line":27},"4":{"loc":{"start":{"line":40,"column":4},"end":{"line":53,"column":5}},"type":"switch","locations":[{"start":{"line":41,"column":8},"end":{"line":44,"column":18}},{"start":{"line":45,"column":8},"end":{"line":48,"column":18}},{"start":{"line":49,"column":8},"end":{"line":52,"column":18}}],"line":40},"5":{"loc":{"start":{"line":55,"column":4},"end":{"line":133,"column":5}},"type":"switch","locations":[{"start":{"line":56,"column":8},"end":{"line":69,"column":18}},{"start":{"line":70,"column":8},"end":{"line":98,"column":18}},{"start":{"line":99,"column":8},"end":{"line":132,"column":18}}],"line":55},"6":{"loc":{"start":{"line":57,"column":12},"end":{"line":68,"column":13}},"type":"switch","locations":[{"start":{"line":58,"column":16},"end":{"line":62,"column":26}},{"start":{"line":63,"column":16},"end":{"line":67,"column":26}}],"line":57},"7":{"loc":{"start":{"line":71,"column":12},"end":{"line":97,"column":13}},"type":"switch","locations":[{"start":{"line":72,"column":16},"end":{"line":76,"column":26}},{"start":{"line":77,"column":16},"end":{"line":81,"column":26}},{"start":{"line":82,"column":16},"end":{"line":86,"column":26}},{"start":{"line":87,"column":16},"end":{"line":91,"column":26}},{"start":{"line":92,"column":16},"end":{"line":96,"column":26}}],"line":71},"8":{"loc":{"start":{"line":100,"column":12},"end":{"line":131,"column":13}},"type":"switch","locations":[{"start":{"line":101,"column":16},"end":{"line":105,"column":26}},{"start":{"line":106,"column":16},"end":{"line":110,"column":26}},{"start":{"line":111,"column":16},"end":{"line":115,"column":26}},{"start":{"line":116,"column":16},"end":{"line":120,"column":26}},{"start":{"line":121,"column":16},"end":{"line":125,"column":26}},{"start":{"line":126,"column":16},"end":{"line":130,"column":26}}],"line":100},"9":{"loc":{"start":{"line":138,"column":4},"end":{"line":138,"column":70}},"type":"if","locations":[{"start":{"line":138,"column":4},"end":{"line":138,"column":70}},{"start":{},"end":{}}],"line":138},"10":{"loc":{"start":{"line":150,"column":4},"end":{"line":197,"column":5}},"type":"switch","locations":[{"start":{"line":151,"column":8},"end":{"line":169,"column":18}},{"start":{"line":170,"column":8},"end":{"line":187,"column":20}},{"start":{"line":188,"column":8},"end":{"line":196,"column":13}}],"line":150},"11":{"loc":{"start":{"line":152,"column":12},"end":{"line":168,"column":13}},"type":"switch","locations":[{"start":{"line":153,"column":16},"end":{"line":155,"column":26}},{"start":{"line":156,"column":16},"end":{"line":158,"column":26}},{"start":{"line":159,"column":16},"end":{"line":161,"column":26}},{"start":{"line":162,"column":16},"end":{"line":164,"column":26}},{"start":{"line":165,"column":16},"end":{"line":167,"column":26}}],"line":152},"12":{"loc":{"start":{"line":171,"column":12},"end":{"line":187,"column":13}},"type":"switch","locations":[{"start":{"line":172,"column":16},"end":{"line":174,"column":26}},{"start":{"line":175,"column":16},"end":{"line":177,"column":26}},{"start":{"line":178,"column":16},"end":{"line":180,"column":26}},{"start":{"line":181,"column":16},"end":{"line":183,"column":26}},{"start":{"line":184,"column":16},"end":{"line":186,"column":26}}],"line":171},"13":{"loc":{"start":{"line":189,"column":12},"end":{"line":196,"column":13}},"type":"switch","locations":[{"start":{"line":190,"column":16},"end":{"line":192,"column":26}},{"start":{"line":193,"column":16},"end":{"line":195,"column":26}}],"line":189},"14":{"loc":{"start":{"line":205,"column":4},"end":{"line":208,"column":28}},"type":"if","locations":[{"start":{"line":205,"column":4},"end":{"line":208,"column":28}},{"start":{"line":206,"column":9},"end":{"line":208,"column":28}}],"line":205},"15":{"loc":{"start":{"line":206,"column":9},"end":{"line":208,"column":28}},"type":"if","locations":[{"start":{"line":206,"column":9},"end":{"line":208,"column":28}},{"start":{"line":207,"column":9},"end":{"line":208,"column":28}}],"line":206},"16":{"loc":{"start":{"line":207,"column":9},"end":{"line":208,"column":28}},"type":"if","locations":[{"start":{"line":207,"column":9},"end":{"line":208,"column":28}},{"start":{"line":208,"column":9},"end":{"line":208,"column":28}}],"line":207},"17":{"loc":{"start":{"line":216,"column":4},"end":{"line":219,"column":28}},"type":"if","locations":[{"start":{"line":216,"column":4},"end":{"line":219,"column":28}},{"start":{"line":217,"column":9},"end":{"line":219,"column":28}}],"line":216},"18":{"loc":{"start":{"line":217,"column":9},"end":{"line":219,"column":28}},"type":"if","locations":[{"start":{"line":217,"column":9},"end":{"line":219,"column":28}},{"start":{"line":218,"column":9},"end":{"line":219,"column":28}}],"line":217},"19":{"loc":{"start":{"line":218,"column":9},"end":{"line":219,"column":28}},"type":"if","locations":[{"start":{"line":218,"column":9},"end":{"line":219,"column":28}},{"start":{"line":219,"column":9},"end":{"line":219,"column":28}}],"line":218},"20":{"loc":{"start":{"line":223,"column":0},"end":{"line":225,"column":1}},"type":"if","locations":[{"start":{"line":223,"column":0},"end":{"line":225,"column":1}},{"start":{},"end":{}}],"line":223}},"s":{"0":9,"1":9,"2":9,"3":9,"4":9,"5":9,"6":9,"7":9,"8":9,"9":9,"10":9,"11":9,"12":9,"13":9,"14":9,"15":9,"16":0,"17":9,"18":0,"19":0,"20":0,"21":0,"22":0,"23":9,"24":9,"25":9,"26":9,"27":9,"28":9,"29":3,"30":3,"31":6,"32":6,"33":0,"34":0,"35":9,"36":3,"37":0,"38":0,"39":0,"40":0,"41":3,"42":3,"43":3,"44":3,"45":3,"46":6,"47":3,"48":3,"49":3,"50":3,"51":0,"52":0,"53":0,"54":0,"55":0,"56":0,"57":0,"58":0,"59":0,"60":0,"61":0,"62":0,"63":3,"64":3,"65":3,"66":3,"67":6,"68":0,"69":0,"70":0,"71":0,"72":0,"73":0,"74":0,"75":0,"76":0,"77":0,"78":0,"79":0,"80":0,"81":0,"82":0,"83":0,"84":0,"85":0,"86":0,"87":0,"88":0,"89":0,"90":0,"91":0,"92":0,"93":0,"94":9,"95":9,"96":9,"97":0,"98":9,"99":9,"100":9,"101":9,"102":9,"103":0,"104":0,"105":0,"106":0,"107":0,"108":0,"109":0,"110":0,"111":0,"112":0,"113":0,"114":0,"115":6,"116":0,"117":0,"118":0,"119":0,"120":3,"121":3,"122":0,"123":0,"124":3,"125":3,"126":6,"127":3,"128":3,"129":3,"130":0,"131":0,"132":9,"133":9,"134":9,"135":3,"136":6,"137":3,"138":3,"139":3,"140":0,"141":9,"142":9,"143":9,"144":3,"145":6,"146":3,"147":3,"148":3,"149":0,"150":9,"151":1,"152":1},"f":{"0":9,"1":9,"2":9,"3":9},"b":{"0":[9,0],"1":[0,9],"2":[9,9,9,9,9],"3":[0,9],"4":[3,6,0],"5":[3,6,0],"6":[0,3],"7":[3,0,0,0,3],"8":[0,0,0,0,0,0],"9":[0,9],"10":[0,6,3],"11":[0,0,0,0,0],"12":[0,0,3,0,3],"13":[3,0],"14":[3,6],"15":[3,3],"16":[3,0],"17":[3,6],"18":[3,3],"19":[3,0],"20":[1,0]},"_coverageSchema":"1a1c01bbd47fc00a2c39e90264f33305004495a9","hash":"17d54f16690c8a5ed5342fe020fd89cad645b227"}
,"/Users/johnnykamigashima/Documents/PHP/Calculadoras-Producao/partials/functions/DistorC_lib.js": {"path":"/Users/johnnykamigashima/Documents/PHP/Calculadoras-Producao/partials/functions/DistorC_lib.js","statementMap":{"0":{"start":{"line":2,"column":4},"end":{"line":4,"column":76}},"1":{"start":{"line":6,"column":0},"end":{"line":6,"column":25}}},"fnMap":{"0":{"name":"distorC","decl":{"start":{"line":1,"column":9},"end":{"line":1,"column":16}},"loc":{"start":{"line":1,"column":59},"end":{"line":5,"column":1}},"line":1}},"branchMap":{"0":{"loc":{"start":{"line":2,"column":11},"end":{"line":4,"column":75}},"type":"cond-expr","locations":[{"start":{"line":3,"column":10},"end":{"line":3,"column":17}},{"start":{"line":4,"column":10},"end":{"line":4,"column":75}}],"line":2}},"s":{"0":1,"1":1},"f":{"0":1},"b":{"0":[0,1]},"_coverageSchema":"1a1c01bbd47fc00a2c39e90264f33305004495a9","hash":"20e5e6cf3462bba9b4f6d6d8efd17cd57851e993"}
,"/Users/johnnykamigashima/Documents/PHP/Calculadoras-Producao/partials/functions/EscalaPlano_lib.js": {"path":"/Users/johnnykamigashima/Documents/PHP/Calculadoras-Producao/partials/functions/EscalaPlano_lib.js","statementMap":{"0":{"start":{"line":2,"column":4},"end":{"line":4,"column":43}},"1":{"start":{"line":7,"column":0},"end":{"line":7,"column":64}},"2":{"start":{"line":7,"column":34},"end":{"line":7,"column":62}}},"fnMap":{"0":{"name":"escalaPlano","decl":{"start":{"line":1,"column":9},"end":{"line":1,"column":20}},"loc":{"start":{"line":1,"column":33},"end":{"line":5,"column":1}},"line":1}},"branchMap":{"0":{"loc":{"start":{"line":2,"column":11},"end":{"line":4,"column":42}},"type":"cond-expr","locations":[{"start":{"line":3,"column":10},"end":{"line":3,"column":16}},{"start":{"line":4,"column":10},"end":{"line":4,"column":42}}],"line":2},"1":{"loc":{"start":{"line":7,"column":0},"end":{"line":7,"column":64}},"type":"if","locations":[{"start":{"line":7,"column":0},"end":{"line":7,"column":64}},{"start":{},"end":{}}],"line":7}},"s":{"0":3,"1":1,"2":1},"f":{"0":3},"b":{"0":[0,3],"1":[1,0]},"_coverageSchema":"1a1c01bbd47fc00a2c39e90264f33305004495a9","hash":"3226ebe4f837f4400e762d9080dde0cdbe89b507"}
,"/Users/johnnykamigashima/Documents/PHP/Calculadoras-Producao/partials/functions/FarolEq_lib.js": {"path":"/Users/johnnykamigashima/Documents/PHP/Calculadoras-Producao/partials/functions/FarolEq_lib.js","statementMap":{"0":{"start":{"line":2,"column":18},"end":{"line":2,"column":32}},"1":{"start":{"line":3,"column":19},"end":{"line":3,"column":34}},"2":{"start":{"line":4,"column":16},"end":{"line":4,"column":28}},"3":{"start":{"line":5,"column":18},"end":{"line":5,"column":19}},"4":{"start":{"line":6,"column":21},"end":{"line":6,"column":22}},"5":{"start":{"line":7,"column":24},"end":{"line":7,"column":25}},"6":{"start":{"line":9,"column":4},"end":{"line":11,"column":5}},"7":{"start":{"line":10,"column":8},"end":{"line":10,"column":35}},"8":{"start":{"line":13,"column":4},"end":{"line":30,"column":5}},"9":{"start":{"line":14,"column":8},"end":{"line":16,"column":9}},"10":{"start":{"line":15,"column":12},"end":{"line":15,"column":32}},"11":{"start":{"line":17,"column":8},"end":{"line":17,"column":30}},"12":{"start":{"line":18,"column":8},"end":{"line":24,"column":9}},"13":{"start":{"line":19,"column":12},"end":{"line":19,"column":33}},"14":{"start":{"line":20,"column":15},"end":{"line":24,"column":9}},"15":{"start":{"line":21,"column":12},"end":{"line":21,"column":42}},"16":{"start":{"line":23,"column":12},"end":{"line":23,"column":43}},"17":{"start":{"line":25,"column":8},"end":{"line":25,"column":46}},"18":{"start":{"line":26,"column":8},"end":{"line":26,"column":37}},"19":{"start":{"line":27,"column":8},"end":{"line":27,"column":43}},"20":{"start":{"line":29,"column":8},"end":{"line":29,"column":26}},"21":{"start":{"line":33,"column":0},"end":{"line":33,"column":60}},"22":{"start":{"line":33,"column":34},"end":{"line":33,"column":58}}},"fnMap":{"0":{"name":"farolEq","decl":{"start":{"line":1,"column":9},"end":{"line":1,"column":16}},"loc":{"start":{"line":1,"column":50},"end":{"line":31,"column":1}},"line":1}},"branchMap":{"0":{"loc":{"start":{"line":9,"column":4},"end":{"line":11,"column":5}},"type":"if","locations":[{"start":{"line":9,"column":4},"end":{"line":11,"column":5}},{"start":{},"end":{}}],"line":9},"1":{"loc":{"start":{"line":9,"column":8},"end":{"line":9,"column":35}},"type":"binary-expr","locations":[{"start":{"line":9,"column":8},"end":{"line":9,"column":20}},{"start":{"line":9,"column":24},"end":{"line":9,"column":35}}],"line":9},"2":{"loc":{"start":{"line":13,"column":4},"end":{"line":30,"column":5}},"type":"if","locations":[{"start":{"line":13,"column":4},"end":{"line":30,"column":5}},{"start":{},"end":{}}],"line":13},"3":{"loc":{"start":{"line":14,"column":8},"end":{"line":16,"column":9}},"type":"if","locations":[{"start":{"line":14,"column":8},"end":{"line":16,"column":9}},{"start":{},"end":{}}],"line":14},"4":{"loc":{"start":{"line":18,"column":8},"end":{"line":24,"column":9}},"type":"if","locations":[{"start":{"line":18,"column":8},"end":{"line":24,"column":9}},{"start":{"line":20,"column":15},"end":{"line":24,"column":9}}],"line":18},"5":{"loc":{"start":{"line":18,"column":12},"end":{"line":18,"column":42}},"type":"binary-expr","locations":[{"start":{"line":18,"column":12},"end":{"line":18,"column":26}},{"start":{"line":18,"column":30},"end":{"line":18,"column":42}}],"line":18},"6":{"loc":{"start":{"line":20,"column":15},"end":{"line":24,"column":9}},"type":"if","locations":[{"start":{"line":20,"column":15},"end":{"line":24,"column":9}},{"start":{"line":22,"column":15},"end":{"line":24,"column":9}}],"line":20},"7":{"loc":{"start":{"line":20,"column":19},"end":{"line":20,"column":48}},"type":"binary-expr","locations":[{"start":{"line":20,"column":19},"end":{"line":20,"column":31}},{"start":{"line":20,"column":35},"end":{"line":20,"column":48}}],"line":20},"8":{"loc":{"start":{"line":33,"column":0},"end":{"line":33,"column":60}},"type":"if","locations":[{"start":{"line":33,"column":0},"end":{"line":33,"column":60}},{"start":{},"end":{}}],"line":33}},"s":{"0":4,"1":4,"2":4,"3":4,"4":4,"5":4,"6":4,"7":2,"8":4,"9":4,"10":2,"11":4,"12":4,"13":0,"14":4,"15":2,"16":2,"17":4,"18":4,"19":4,"20":4,"21":1,"22":1},"f":{"0":4},"b":{"0":[2,2],"1":[4,2],"2":[4,0],"3":[2,2],"4":[0,4],"5":[4,4],"6":[2,2],"7":[4,4],"8":[1,0]},"_coverageSchema":"1a1c01bbd47fc00a2c39e90264f33305004495a9","hash":"6c06a3d267390598f5ee66c62ea042c0d0ac6a34"}
,"/Users/johnnykamigashima/Documents/PHP/Calculadoras-Producao/partials/functions/PesoNeto_lib.js": {"path":"/Users/johnnykamigashima/Documents/PHP/Calculadoras-Producao/partials/functions/PesoNeto_lib.js","statementMap":{"0":{"start":{"line":4,"column":17},"end":{"line":4,"column":25}},"1":{"start":{"line":5,"column":17},"end":{"line":5,"column":27}},"2":{"start":{"line":6,"column":17},"end":{"line":11,"column":5}},"3":{"start":{"line":12,"column":17},"end":{"line":18,"column":5}},"4":{"start":{"line":19,"column":17},"end":{"line":23,"column":5}},"5":{"start":{"line":24,"column":17},"end":{"line":32,"column":5}},"6":{"start":{"line":33,"column":17},"end":{"line":39,"column":5}},"7":{"start":{"line":40,"column":17},"end":{"line":45,"column":5}},"8":{"start":{"line":46,"column":17},"end":{"line":52,"column":5}},"9":{"start":{"line":53,"column":17},"end":{"line":59,"column":5}},"10":{"start":{"line":60,"column":17},"end":{"line":67,"column":5}},"11":{"start":{"line":68,"column":18},"end":{"line":68,"column":33}},"12":{"start":{"line":70,"column":4},"end":{"line":70,"column":84}},"13":{"start":{"line":72,"column":4},"end":{"line":107,"column":5}},"14":{"start":{"line":74,"column":12},"end":{"line":74,"column":59}},"15":{"start":{"line":75,"column":12},"end":{"line":75,"column":44}},"16":{"start":{"line":77,"column":12},"end":{"line":79,"column":53}},"17":{"start":{"line":81,"column":12},"end":{"line":81,"column":71}},"18":{"start":{"line":82,"column":12},"end":{"line":84,"column":32}},"19":{"start":{"line":86,"column":12},"end":{"line":88,"column":53}},"20":{"start":{"line":90,"column":12},"end":{"line":90,"column":69}},"21":{"start":{"line":91,"column":12},"end":{"line":93,"column":32}},"22":{"start":{"line":95,"column":12},"end":{"line":95,"column":59}},"23":{"start":{"line":96,"column":12},"end":{"line":96,"column":44}},"24":{"start":{"line":98,"column":12},"end":{"line":100,"column":53}},"25":{"start":{"line":102,"column":12},"end":{"line":104,"column":53}},"26":{"start":{"line":106,"column":12},"end":{"line":106,"column":33}},"27":{"start":{"line":112,"column":4},"end":{"line":116,"column":5}},"28":{"start":{"line":113,"column":8},"end":{"line":115,"column":9}},"29":{"start":{"line":114,"column":12},"end":{"line":114,"column":31}},"30":{"start":{"line":121,"column":4},"end":{"line":124,"column":5}},"31":{"start":{"line":122,"column":19},"end":{"line":122,"column":35}},"32":{"start":{"line":123,"column":8},"end":{"line":123,"column":20}},"33":{"start":{"line":127,"column":0},"end":{"line":127,"column":62}},"34":{"start":{"line":127,"column":34},"end":{"line":127,"column":60}}},"fnMap":{"0":{"name":"pesoNeto","decl":{"start":{"line":3,"column":9},"end":{"line":3,"column":17}},"loc":{"start":{"line":3,"column":41},"end":{"line":108,"column":1}},"line":3},"1":{"name":"verifica","decl":{"start":{"line":110,"column":9},"end":{"line":110,"column":17}},"loc":{"start":{"line":110,"column":32},"end":{"line":117,"column":1}},"line":110},"2":{"name":"area","decl":{"start":{"line":120,"column":9},"end":{"line":120,"column":13}},"loc":{"start":{"line":120,"column":31},"end":{"line":125,"column":1}},"line":120}},"branchMap":{"0":{"loc":{"start":{"line":72,"column":4},"end":{"line":107,"column":5}},"type":"switch","locations":[{"start":{"line":73,"column":8},"end":{"line":75,"column":44}},{"start":{"line":76,"column":8},"end":{"line":79,"column":53}},{"start":{"line":80,"column":8},"end":{"line":84,"column":32}},{"start":{"line":85,"column":8},"end":{"line":88,"column":53}},{"start":{"line":89,"column":8},"end":{"line":93,"column":32}},{"start":{"line":94,"column":8},"end":{"line":96,"column":44}},{"start":{"line":97,"column":8},"end":{"line":100,"column":53}},{"start":{"line":101,"column":8},"end":{"line":104,"column":53}},{"start":{"line":105,"column":8},"end":{"line":106,"column":33}}],"line":72},"1":{"loc":{"start":{"line":77,"column":19},"end":{"line":79,"column":52}},"type":"cond-expr","locations":[{"start":{"line":78,"column":18},"end":{"line":78,"column":55}},{"start":{"line":79,"column":18},"end":{"line":79,"column":52}}],"line":77},"2":{"loc":{"start":{"line":82,"column":19},"end":{"line":84,"column":31}},"type":"cond-expr","locations":[{"start":{"line":83,"column":18},"end":{"line":83,"column":38}},{"start":{"line":84,"column":18},"end":{"line":84,"column":31}}],"line":82},"3":{"loc":{"start":{"line":86,"column":19},"end":{"line":88,"column":52}},"type":"cond-expr","locations":[{"start":{"line":87,"column":18},"end":{"line":87,"column":55}},{"start":{"line":88,"column":18},"end":{"line":88,"column":52}}],"line":86},"4":{"loc":{"start":{"line":91,"column":19},"end":{"line":93,"column":31}},"type":"cond-expr","locations":[{"start":{"line":92,"column":18},"end":{"line":92,"column":55}},{"start":{"line":93,"column":18},"end":{"line":93,"column":31}}],"line":91},"5":{"loc":{"start":{"line":98,"column":19},"end":{"line":100,"column":52}},"type":"cond-expr","locations":[{"start":{"line":99,"column":18},"end":{"line":99,"column":55}},{"start":{"line":100,"column":18},"end":{"line":100,"column":52}}],"line":98},"6":{"loc":{"start":{"line":102,"column":19},"end":{"line":104,"column":52}},"type":"cond-expr","locations":[{"start":{"line":103,"column":18},"end":{"line":103,"column":55}},{"start":{"line":104,"column":18},"end":{"line":104,"column":52}}],"line":102},"7":{"loc":{"start":{"line":113,"column":8},"end":{"line":115,"column":9}},"type":"if","locations":[{"start":{"line":113,"column":8},"end":{"line":115,"column":9}},{"start":{},"end":{}}],"line":113},"8":{"loc":{"start":{"line":121,"column":4},"end":{"line":124,"column":5}},"type":"if","locations":[{"start":{"line":121,"column":4},"end":{"line":124,"column":5}},{"start":{},"end":{}}],"line":121},"9":{"loc":{"start":{"line":121,"column":8},"end":{"line":121,"column":35}},"type":"binary-expr","locations":[{"start":{"line":121,"column":8},"end":{"line":121,"column":19}},{"start":{"line":121,"column":23},"end":{"line":121,"column":35}}],"line":121},"10":{"loc":{"start":{"line":127,"column":0},"end":{"line":127,"column":62}},"type":"if","locations":[{"start":{"line":127,"column":0},"end":{"line":127,"column":62}},{"start":{},"end":{}}],"line":127}},"s":{"0":2,"1":2,"2":2,"3":2,"4":2,"5":2,"6":2,"7":2,"8":2,"9":2,"10":2,"11":2,"12":2,"13":2,"14":0,"15":0,"16":2,"17":0,"18":0,"19":0,"20":0,"21":0,"22":0,"23":0,"24":0,"25":0,"26":0,"27":2,"28":2,"29":2,"30":2,"31":2,"32":2,"33":1,"34":1},"f":{"0":2,"1":2,"2":2},"b":{"0":[0,2,0,0,0,0,0,0,0],"1":[2,0],"2":[0,0],"3":[0,0],"4":[0,0],"5":[0,0],"6":[0,0],"7":[2,0],"8":[2,0],"9":[2,2],"10":[1,0]},"_coverageSchema":"1a1c01bbd47fc00a2c39e90264f33305004495a9","hash":"ee4fc1d2eefd24821a700f755124abe62d533f1b"}
,"/Users/johnnykamigashima/Documents/PHP/Calculadoras-Producao/partials/functions/Pt2mm_lib.js": {"path":"/Users/johnnykamigashima/Documents/PHP/Calculadoras-Producao/partials/functions/Pt2mm_lib.js","statementMap":{"0":{"start":{"line":2,"column":4},"end":{"line":2,"column":35}},"1":{"start":{"line":4,"column":0},"end":{"line":4,"column":59}},"2":{"start":{"line":4,"column":34},"end":{"line":4,"column":57}}},"fnMap":{"0":{"name":"pt2mm","decl":{"start":{"line":1,"column":9},"end":{"line":1,"column":14}},"loc":{"start":{"line":1,"column":19},"end":{"line":3,"column":1}},"line":1}},"branchMap":{"0":{"loc":{"start":{"line":4,"column":0},"end":{"line":4,"column":59}},"type":"if","locations":[{"start":{"line":4,"column":0},"end":{"line":4,"column":59}},{"start":{},"end":{}}],"line":4}},"s":{"0":3,"1":1,"2":1},"f":{"0":3},"b":{"0":[1,0]},"_coverageSchema":"1a1c01bbd47fc00a2c39e90264f33305004495a9","hash":"bc269c67082c4e4a85702c18ddf37aaf0c82abe2"}
,"/Users/johnnykamigashima/Documents/PHP/Calculadoras-Producao/partials/functions/Px2mm_lib.js": {"path":"/Users/johnnykamigashima/Documents/PHP/Calculadoras-Producao/partials/functions/Px2mm_lib.js","statementMap":{"0":{"start":{"line":2,"column":4},"end":{"line":4,"column":47}},"1":{"start":{"line":7,"column":0},"end":{"line":7,"column":58}},"2":{"start":{"line":7,"column":34},"end":{"line":7,"column":56}}},"fnMap":{"0":{"name":"px2mm","decl":{"start":{"line":1,"column":9},"end":{"line":1,"column":14}},"loc":{"start":{"line":1,"column":30},"end":{"line":5,"column":1}},"line":1}},"branchMap":{"0":{"loc":{"start":{"line":2,"column":11},"end":{"line":4,"column":46}},"type":"cond-expr","locations":[{"start":{"line":3,"column":10},"end":{"line":3,"column":17}},{"start":{"line":4,"column":10},"end":{"line":4,"column":46}}],"line":2},"1":{"loc":{"start":{"line":7,"column":0},"end":{"line":7,"column":58}},"type":"if","locations":[{"start":{"line":7,"column":0},"end":{"line":7,"column":58}},{"start":{},"end":{}}],"line":7}},"s":{"0":3,"1":1,"2":1},"f":{"0":3},"b":{"0":[0,3],"1":[1,0]},"_coverageSchema":"1a1c01bbd47fc00a2c39e90264f33305004495a9","hash":"24be9ba502be90d37c35b81250beddcfd6be2d89"}
,"/Users/johnnykamigashima/Documents/PHP/Calculadoras-Producao/partials/functions/Transgenico_lib.js": {"path":"/Users/johnnykamigashima/Documents/PHP/Calculadoras-Producao/partials/functions/Transgenico_lib.js","statementMap":{"0":{"start":{"line":2,"column":19},"end":{"line":2,"column":26}},"1":{"start":{"line":3,"column":18},"end":{"line":3,"column":24}},"2":{"start":{"line":5,"column":4},"end":{"line":13,"column":5}},"3":{"start":{"line":6,"column":20},"end":{"line":6,"column":46}},"4":{"start":{"line":7,"column":22},"end":{"line":7,"column":59}},"5":{"start":{"line":8,"column":8},"end":{"line":12,"column":9}},"6":{"start":{"line":9,"column":12},"end":{"line":9,"column":23}},"7":{"start":{"line":11,"column":12},"end":{"line":11,"column":38}},"8":{"start":{"line":16,"column":0},"end":{"line":16,"column":64}},"9":{"start":{"line":16,"column":34},"end":{"line":16,"column":62}}},"fnMap":{"0":{"name":"Transgenico","decl":{"start":{"line":1,"column":9},"end":{"line":1,"column":20}},"loc":{"start":{"line":1,"column":38},"end":{"line":14,"column":1}},"line":1}},"branchMap":{"0":{"loc":{"start":{"line":5,"column":4},"end":{"line":13,"column":5}},"type":"if","locations":[{"start":{"line":5,"column":4},"end":{"line":13,"column":5}},{"start":{},"end":{}}],"line":5},"1":{"loc":{"start":{"line":5,"column":8},"end":{"line":5,"column":35}},"type":"binary-expr","locations":[{"start":{"line":5,"column":8},"end":{"line":5,"column":20}},{"start":{"line":5,"column":24},"end":{"line":5,"column":35}}],"line":5},"2":{"loc":{"start":{"line":8,"column":8},"end":{"line":12,"column":9}},"type":"if","locations":[{"start":{"line":8,"column":8},"end":{"line":12,"column":9}},{"start":{"line":10,"column":15},"end":{"line":12,"column":9}}],"line":8},"3":{"loc":{"start":{"line":16,"column":0},"end":{"line":16,"column":64}},"type":"if","locations":[{"start":{"line":16,"column":0},"end":{"line":16,"column":64}},{"start":{},"end":{}}],"line":16}},"s":{"0":2,"1":2,"2":2,"3":2,"4":2,"5":2,"6":0,"7":2,"8":1,"9":1},"f":{"0":2},"b":{"0":[2,0],"1":[2,2],"2":[0,2],"3":[1,0]},"_coverageSchema":"1a1c01bbd47fc00a2c39e90264f33305004495a9","hash":"0e55d30dd563e1b674abd3492826874af6eed6b5"}
}
