{"/Users/johnnykamigashima/Documents/PHP/Calculadoras-Producao/partials/functions/DistorC_lib.js": {"path":"/Users/johnnykamigashima/Documents/PHP/Calculadoras-Producao/partials/functions/DistorC_lib.js","statementMap":{"0":{"start":{"line":2,"column":4},"end":{"line":4,"column":76}},"1":{"start":{"line":6,"column":0},"end":{"line":6,"column":25}}},"fnMap":{"0":{"name":"distorC","decl":{"start":{"line":1,"column":9},"end":{"line":1,"column":16}},"loc":{"start":{"line":1,"column":59},"end":{"line":5,"column":1}},"line":1}},"branchMap":{"0":{"loc":{"start":{"line":2,"column":11},"end":{"line":4,"column":75}},"type":"cond-expr","locations":[{"start":{"line":3,"column":10},"end":{"line":3,"column":17}},{"start":{"line":4,"column":10},"end":{"line":4,"column":75}}],"line":2}},"s":{"0":0,"1":1},"f":{"0":0},"b":{"0":[0,0]},"_coverageSchema":"1a1c01bbd47fc00a2c39e90264f33305004495a9","hash":"20e5e6cf3462bba9b4f6d6d8efd17cd57851e993"}
}
