TN:
SF:partials/functions/DistorC_lib.js
FN:1,distorC
FNF:1
FNH:1
FNDA:1,distorC
DA:2,1
DA:6,1
LF:2
LH:2
BRDA:2,0,0,0
BRDA:2,0,1,1
BRF:2
BRH:1
end_of_record
TN:
SF:partials/functions/EscalaPlano_lib.js
FN:1,escalaPlano
FNF:1
FNH:1
FNDA:3,escalaPlano
DA:2,3
DA:7,1
LF:2
LH:2
BRDA:2,0,0,0
BRDA:2,0,1,3
BRDA:7,1,0,1
BRDA:7,1,1,0
BRF:4
BRH:2
end_of_record
TN:
SF:partials/functions/PesoNeto_lib.js
FN:3,pesoNeto
FN:113,verifica
FN:124,area
FNF:3
FNH:3
FNDA:2,pesoNeto
FNDA:2,verifica
FNDA:2,area
DA:4,2
DA:5,2
DA:6,2
DA:7,2
DA:8,2
DA:9,2
DA:15,2
DA:22,2
DA:27,2
DA:36,2
DA:43,2
DA:49,2
DA:56,2
DA:63,2
DA:71,2
DA:73,2
DA:75,2
DA:77,0
DA:78,0
DA:80,2
DA:84,0
DA:85,0
DA:89,0
DA:93,0
DA:94,0
DA:98,0
DA:99,0
DA:101,0
DA:105,0
DA:109,0
DA:115,2
DA:116,2
DA:117,2
DA:118,2
DA:125,2
DA:126,2
DA:127,2
DA:128,2
DA:132,1
LF:39
LH:27
BRDA:75,0,0,0
BRDA:75,0,1,2
BRDA:75,0,2,0
BRDA:75,0,3,0
BRDA:75,0,4,0
BRDA:75,0,5,0
BRDA:75,0,6,0
BRDA:75,0,7,0
BRDA:75,0,8,0
BRDA:80,1,0,2
BRDA:80,1,1,0
BRDA:85,2,0,0
BRDA:85,2,1,0
BRDA:89,3,0,0
BRDA:89,3,1,0
BRDA:94,4,0,0
BRDA:94,4,1,0
BRDA:101,5,0,0
BRDA:101,5,1,0
BRDA:105,6,0,0
BRDA:105,6,1,0
BRDA:117,7,0,2
BRDA:117,7,1,0
BRDA:125,8,0,2
BRDA:125,8,1,0
BRDA:125,9,0,2
BRDA:125,9,1,2
BRDA:132,10,0,1
BRDA:132,10,1,0
BRF:29
BRH:7
end_of_record
TN:
SF:partials/functions/Pt2mm_lib.js
FN:1,pt2mm
FNF:1
FNH:1
FNDA:3,pt2mm
DA:2,3
DA:4,1
LF:2
LH:2
BRDA:4,0,0,1
BRDA:4,0,1,0
BRF:2
BRH:1
end_of_record
TN:
SF:partials/functions/Px2mm_lib.js
FN:1,px2mm
FNF:1
FNH:1
FNDA:3,px2mm
DA:2,3
DA:7,1
LF:2
LH:2
BRDA:2,0,0,0
BRDA:2,0,1,3
BRDA:7,1,0,1
BRDA:7,1,1,0
BRF:4
BRH:2
end_of_record
