TN:
SF:partials/functions/AltoEm_lib.js
FN:1,altoEm
FN:148,ladoMaior
FN:203,altoEmLpF
FN:214,altoemFpL
FNF:4
FNH:4
FNDA:9,altoEm
FNDA:9,ladoMaior
FNDA:9,altoEmLpF
FNDA:9,altoemFpL
DA:3,9
DA:5,9
DA:6,9
DA:7,9
DA:8,9
DA:9,9
DA:10,9
DA:11,9
DA:12,9
DA:13,9
DA:14,9
DA:15,9
DA:16,9
DA:17,9
DA:18,9
DA:22,9
DA:23,0
DA:27,9
DA:28,0
DA:29,0
DA:30,0
DA:31,0
DA:32,0
DA:34,9
DA:35,9
DA:36,9
DA:37,9
DA:38,9
DA:40,9
DA:43,3
DA:44,3
DA:47,6
DA:48,6
DA:51,0
DA:52,0
DA:55,9
DA:57,3
DA:59,0
DA:60,0
DA:61,0
DA:62,0
DA:64,3
DA:65,3
DA:66,3
DA:67,3
DA:69,3
DA:71,6
DA:73,3
DA:74,3
DA:75,3
DA:76,3
DA:78,0
DA:79,0
DA:80,0
DA:81,0
DA:83,0
DA:84,0
DA:85,0
DA:86,0
DA:88,0
DA:89,0
DA:90,0
DA:91,0
DA:93,3
DA:94,3
DA:95,3
DA:96,3
DA:98,6
DA:100,0
DA:102,0
DA:103,0
DA:104,0
DA:105,0
DA:107,0
DA:108,0
DA:109,0
DA:110,0
DA:112,0
DA:113,0
DA:114,0
DA:115,0
DA:117,0
DA:118,0
DA:119,0
DA:120,0
DA:122,0
DA:123,0
DA:124,0
DA:125,0
DA:127,0
DA:128,0
DA:129,0
DA:130,0
DA:132,0
DA:134,9
DA:135,9
DA:138,9
DA:140,9
DA:141,9
DA:142,9
DA:149,9
DA:150,9
DA:152,0
DA:154,0
DA:155,0
DA:157,0
DA:158,0
DA:160,0
DA:161,0
DA:163,0
DA:164,0
DA:166,0
DA:167,0
DA:169,0
DA:171,6
DA:173,0
DA:174,0
DA:176,0
DA:177,0
DA:179,3
DA:180,3
DA:182,0
DA:183,0
DA:185,3
DA:186,3
DA:187,6
DA:189,3
DA:191,3
DA:192,3
DA:194,0
DA:195,0
DA:199,9
DA:204,9
DA:205,9
DA:206,6
DA:207,3
DA:208,0
DA:210,9
DA:215,9
DA:216,9
DA:217,6
DA:218,3
DA:219,0
DA:220,9
DA:223,1
DA:224,1
LF:146
LH:74
BRDA:18,0,0,9
BRDA:18,0,1,0
BRDA:22,1,0,0
BRDA:22,1,1,9
BRDA:22,2,0,9
BRDA:22,2,1,9
BRDA:22,2,2,9
BRDA:22,2,3,9
BRDA:22,2,4,9
BRDA:27,3,0,0
BRDA:27,3,1,9
BRDA:40,4,0,3
BRDA:40,4,1,6
BRDA:40,4,2,0
BRDA:55,5,0,3
BRDA:55,5,1,6
BRDA:55,5,2,0
BRDA:57,6,0,0
BRDA:57,6,1,3
BRDA:71,7,0,3
BRDA:71,7,1,0
BRDA:71,7,2,0
BRDA:71,7,3,0
BRDA:71,7,4,3
BRDA:100,8,0,0
BRDA:100,8,1,0
BRDA:100,8,2,0
BRDA:100,8,3,0
BRDA:100,8,4,0
BRDA:100,8,5,0
BRDA:138,9,0,0
BRDA:138,9,1,9
BRDA:150,10,0,0
BRDA:150,10,1,6
BRDA:150,10,2,3
BRDA:152,11,0,0
BRDA:152,11,1,0
BRDA:152,11,2,0
BRDA:152,11,3,0
BRDA:152,11,4,0
BRDA:171,12,0,0
BRDA:171,12,1,0
BRDA:171,12,2,3
BRDA:171,12,3,0
BRDA:171,12,4,3
BRDA:189,13,0,3
BRDA:189,13,1,0
BRDA:205,14,0,3
BRDA:205,14,1,6
BRDA:206,15,0,3
BRDA:206,15,1,3
BRDA:207,16,0,3
BRDA:207,16,1,0
BRDA:216,17,0,3
BRDA:216,17,1,6
BRDA:217,18,0,3
BRDA:217,18,1,3
BRDA:218,19,0,3
BRDA:218,19,1,0
BRDA:223,20,0,1
BRDA:223,20,1,0
BRF:61
BRH:32
end_of_record
TN:
SF:partials/functions/DistorC_lib.js
FN:1,distorC
FNF:1
FNH:1
FNDA:1,distorC
DA:2,1
DA:6,1
LF:2
LH:2
BRDA:2,0,0,0
BRDA:2,0,1,1
BRF:2
BRH:1
end_of_record
TN:
SF:partials/functions/EscalaPlano_lib.js
FN:1,escalaPlano
FNF:1
FNH:1
FNDA:3,escalaPlano
DA:2,3
DA:7,1
LF:2
LH:2
BRDA:2,0,0,0
BRDA:2,0,1,3
BRDA:7,1,0,1
BRDA:7,1,1,0
BRF:4
BRH:2
end_of_record
TN:
SF:partials/functions/FarolEq_lib.js
FN:1,farolEq
FNF:1
FNH:1
FNDA:4,farolEq
DA:2,4
DA:3,4
DA:4,4
DA:5,4
DA:6,4
DA:7,4
DA:9,4
DA:10,2
DA:13,4
DA:14,4
DA:15,2
DA:17,4
DA:18,4
DA:19,0
DA:20,4
DA:21,2
DA:23,2
DA:25,4
DA:26,4
DA:27,4
DA:29,4
DA:33,1
LF:22
LH:21
BRDA:9,0,0,2
BRDA:9,0,1,2
BRDA:9,1,0,4
BRDA:9,1,1,2
BRDA:13,2,0,4
BRDA:13,2,1,0
BRDA:14,3,0,2
BRDA:14,3,1,2
BRDA:18,4,0,0
BRDA:18,4,1,4
BRDA:18,5,0,4
BRDA:18,5,1,4
BRDA:20,6,0,2
BRDA:20,6,1,2
BRDA:20,7,0,4
BRDA:20,7,1,4
BRDA:33,8,0,1
BRDA:33,8,1,0
BRF:18
BRH:15
end_of_record
TN:
SF:partials/functions/PesoNeto_lib.js
FN:3,pesoNeto
FN:110,verifica
FN:120,area
FNF:3
FNH:3
FNDA:2,pesoNeto
FNDA:2,verifica
FNDA:2,area
DA:4,2
DA:5,2
DA:6,2
DA:12,2
DA:19,2
DA:24,2
DA:33,2
DA:40,2
DA:46,2
DA:53,2
DA:60,2
DA:68,2
DA:70,2
DA:72,2
DA:74,0
DA:75,0
DA:77,2
DA:81,0
DA:82,0
DA:86,0
DA:90,0
DA:91,0
DA:95,0
DA:96,0
DA:98,0
DA:102,0
DA:106,0
DA:112,2
DA:113,2
DA:114,2
DA:121,2
DA:122,2
DA:123,2
DA:127,1
LF:34
LH:22
BRDA:72,0,0,0
BRDA:72,0,1,2
BRDA:72,0,2,0
BRDA:72,0,3,0
BRDA:72,0,4,0
BRDA:72,0,5,0
BRDA:72,0,6,0
BRDA:72,0,7,0
BRDA:72,0,8,0
BRDA:77,1,0,2
BRDA:77,1,1,0
BRDA:82,2,0,0
BRDA:82,2,1,0
BRDA:86,3,0,0
BRDA:86,3,1,0
BRDA:91,4,0,0
BRDA:91,4,1,0
BRDA:98,5,0,0
BRDA:98,5,1,0
BRDA:102,6,0,0
BRDA:102,6,1,0
BRDA:113,7,0,2
BRDA:113,7,1,0
BRDA:121,8,0,2
BRDA:121,8,1,0
BRDA:121,9,0,2
BRDA:121,9,1,2
BRDA:127,10,0,1
BRDA:127,10,1,0
BRF:29
BRH:7
end_of_record
TN:
SF:partials/functions/Pt2mm_lib.js
FN:1,pt2mm
FNF:1
FNH:1
FNDA:3,pt2mm
DA:2,3
DA:4,1
LF:2
LH:2
BRDA:4,0,0,1
BRDA:4,0,1,0
BRF:2
BRH:1
end_of_record
TN:
SF:partials/functions/Px2mm_lib.js
FN:1,px2mm
FNF:1
FNH:1
FNDA:3,px2mm
DA:2,3
DA:7,1
LF:2
LH:2
BRDA:2,0,0,0
BRDA:2,0,1,3
BRDA:7,1,0,1
BRDA:7,1,1,0
BRF:4
BRH:2
end_of_record
TN:
SF:partials/functions/Transgenico_lib.js
FN:1,Transgenico
FNF:1
FNH:1
FNDA:2,Transgenico
DA:2,2
DA:3,2
DA:5,2
DA:6,2
DA:7,2
DA:8,2
DA:9,0
DA:11,2
DA:16,1
LF:9
LH:8
BRDA:5,0,0,2
BRDA:5,0,1,0
BRDA:5,1,0,2
BRDA:5,1,1,2
BRDA:8,2,0,0
BRDA:8,2,1,2
BRDA:16,3,0,1
BRDA:16,3,1,0
BRF:8
BRH:5
end_of_record
